 obs_sequence
obs_kind_definitions
           3
           2 SOIL_TEMPERATURE                
           3 SOIL_MOISTURE                   
          20 COSMOS_NEUTRON_INTENSITY        
  num_copies:            0  num_qc:            0
  num_obs:            3  max_num_obs:            3
  first:            1  last:            3
 OBS            1
          -1           2          -1
obdef
loc3d
     4.348672836244583        0.5569083843726107       -0.5000000000000000E-01  3
kind
           2
     0     145731
   4.0000000000000000     
 OBS            2
           1           3          -1
obdef
loc3d
     4.348672836244583        0.5569083843726107       -0.5000000000000000E-01  3
kind
           3
     0     145731
  4.00000000000000008E-002
 OBS            3
           2          -1          -1
obdef
loc3d
     4.348672836244583        0.5569083843726107         0.000000000000000      -1
kind
          20
     0     145731
   1000.0000000000000     
